<?xml version="1.0" encoding="UTF-8"?>
<!-- Generated by org.testng.reporters.JUnitReportReporter -->
<testsuite skipped="0" hostname="Anil007-PC" name="readAndWriteExcel.ReadExcel" tests="1" failures="0" timestamp="2020-05-24T14:17:49 IST" time="0.712" errors="0">
  <testcase name="readExcelTest" time="0.712" classname="readAndWriteExcel.ReadExcel"/>
  <system-out/>
</testsuite> <!-- readAndWriteExcel.ReadExcel -->
