<?xml version="1.0" encoding="UTF-8"?>
<!-- Generated by org.testng.reporters.JUnitReportReporter -->
<testsuite skipped="0" hostname="Anil007-PC" name="jQueryExecute.JqueryGrowl" tests="1" failures="0" timestamp="2020-05-24T22:09:07 IST" time="48.002" errors="0">
  <testcase name="growlTest" time="48.002" classname="jQueryExecute.JqueryGrowl"/>
  <system-out/>
</testsuite> <!-- jQueryExecute.JqueryGrowl -->
