<?xml version="1.0" encoding="UTF-8"?>
<!-- Generated by org.testng.reporters.JUnitReportReporter -->
<testsuite skipped="0" hostname="Anil007-PC" name="ajaxHandleExamples.AjaxExample" tests="1" failures="0" timestamp="2020-05-25T00:47:18 IST" time="12.851" errors="0">
  <testcase name="test_AjaxExample" time="12.851" classname="ajaxHandleExamples.AjaxExample"/>
  <system-out/>
</testsuite> <!-- ajaxHandleExamples.AjaxExample -->
