<?xml version="1.0" encoding="UTF-8"?>
<!-- Generated by org.testng.reporters.JUnitReportReporter -->
<testsuite hostname="Anil007-PC" failures="0" tests="1" name="ParallelTestNg.ParallelBrowser" time="9.720" errors="0" timestamp="2020-05-18T19:37:53 IST" skipped="0">
  <testcase classname="ParallelTestNg.ParallelBrowser" name="ChromeBrowser" time="9.720"/>
  <system-out/>
</testsuite> <!-- ParallelTestNg.ParallelBrowser -->
