<?xml version="1.0" encoding="UTF-8"?>
<!-- Generated by org.testng.reporters.JUnitReportReporter -->
<testsuite skipped="0" hostname="Anil007-PC" name="jdk1_8_WithSelenium.RetrievingTextFromAListOfWebElements" tests="1" failures="0" timestamp="2020-05-25T01:05:37 IST" time="13.803" errors="0">
  <testcase name="traditionalWay" time="13.803" classname="jdk1_8_WithSelenium.RetrievingTextFromAListOfWebElements"/>
  <system-out/>
</testsuite> <!-- jdk1_8_WithSelenium.RetrievingTextFromAListOfWebElements -->
