<?xml version="1.0" encoding="UTF-8"?>
<!-- Generated by org.testng.reporters.JUnitReportReporter -->
<testsuite skipped="0" hostname="Anil007-PC" name="readAndWriteExcel.UnitTest" tests="1" failures="0" timestamp="2020-05-24T19:26:59 IST" time="0.714" errors="0">
  <testcase name="sameContentOfExcelFiles" time="0.714" classname="readAndWriteExcel.UnitTest"/>
  <system-out/>
</testsuite> <!-- readAndWriteExcel.UnitTest -->
